{"C:\\Users\\User\\Documents\\IIT\\Year 3\\SDGP\\Y3-18\\TutorMeister\\Controller\\app.js": {"path":"C:\\Users\\User\\Documents\\IIT\\Year 3\\SDGP\\Y3-18\\TutorMeister\\Controller\\app.js","statementMap":{"0":{"start":{"line":1,"column":14},"end":{"line":1,"column":32}},"1":{"start":{"line":2,"column":13},"end":{"line":2,"column":28}},"2":{"start":{"line":3,"column":19},"end":{"line":3,"column":43}},"3":{"start":{"line":4,"column":10},"end":{"line":4,"column":19}},"4":{"start":{"line":5,"column":16},"end":{"line":5,"column":42}},"5":{"start":{"line":7,"column":18},"end":{"line":7,"column":50}},"6":{"start":{"line":8,"column":19},"end":{"line":8,"column":52}},"7":{"start":{"line":9,"column":25},"end":{"line":9,"column":65}},"8":{"start":{"line":10,"column":20},"end":{"line":10,"column":55}},"9":{"start":{"line":11,"column":26},"end":{"line":11,"column":68}},"10":{"start":{"line":13,"column":0},"end":{"line":13,"column":48}},"11":{"start":{"line":14,"column":0},"end":{"line":14,"column":30}},"12":{"start":{"line":16,"column":0},"end":{"line":16,"column":24}},"13":{"start":{"line":17,"column":0},"end":{"line":17,"column":49}},"14":{"start":{"line":18,"column":0},"end":{"line":18,"column":24}},"15":{"start":{"line":19,"column":0},"end":{"line":19,"column":56}},"16":{"start":{"line":21,"column":0},"end":{"line":28,"column":2}},"17":{"start":{"line":30,"column":0},"end":{"line":34,"column":3}},"18":{"start":{"line":32,"column":2},"end":{"line":32,"column":68}},"19":{"start":{"line":32,"column":33},"end":{"line":32,"column":66}},"20":{"start":{"line":33,"column":2},"end":{"line":33,"column":9}},"21":{"start":{"line":36,"column":0},"end":{"line":69,"column":3}},"22":{"start":{"line":37,"column":22},"end":{"line":37,"column":43}},"23":{"start":{"line":38,"column":23},"end":{"line":38,"column":39}},"24":{"start":{"line":39,"column":33},"end":{"line":39,"column":68}},"25":{"start":{"line":40,"column":30},"end":{"line":40,"column":62}},"26":{"start":{"line":42,"column":21},"end":{"line":42,"column":60}},"27":{"start":{"line":44,"column":2},"end":{"line":68,"column":3}},"28":{"start":{"line":52,"column":4},"end":{"line":64,"column":7}},"29":{"start":{"line":53,"column":6},"end":{"line":55,"column":7}},"30":{"start":{"line":54,"column":8},"end":{"line":54,"column":56}},"31":{"start":{"line":57,"column":6},"end":{"line":63,"column":7}},"32":{"start":{"line":58,"column":8},"end":{"line":58,"column":31}},"33":{"start":{"line":59,"column":13},"end":{"line":63,"column":7}},"34":{"start":{"line":60,"column":8},"end":{"line":60,"column":45}},"35":{"start":{"line":62,"column":8},"end":{"line":62,"column":42}},"36":{"start":{"line":67,"column":4},"end":{"line":67,"column":11}},"37":{"start":{"line":71,"column":0},"end":{"line":71,"column":26}},"38":{"start":{"line":72,"column":0},"end":{"line":72,"column":27}},"39":{"start":{"line":74,"column":0},"end":{"line":74,"column":32}},"40":{"start":{"line":76,"column":0},"end":{"line":76,"column":31}},"41":{"start":{"line":77,"column":0},"end":{"line":77,"column":32}},"42":{"start":{"line":79,"column":0},"end":{"line":79,"column":32}},"43":{"start":{"line":81,"column":0},"end":{"line":81,"column":46}},"44":{"start":{"line":82,"column":0},"end":{"line":82,"column":47}},"45":{"start":{"line":84,"column":0},"end":{"line":84,"column":43}},"46":{"start":{"line":85,"column":0},"end":{"line":85,"column":44}},"47":{"start":{"line":87,"column":0},"end":{"line":87,"column":46}},"48":{"start":{"line":88,"column":0},"end":{"line":88,"column":47}},"49":{"start":{"line":90,"column":0},"end":{"line":90,"column":43}},"50":{"start":{"line":91,"column":0},"end":{"line":91,"column":44}},"51":{"start":{"line":93,"column":0},"end":{"line":93,"column":44}},"52":{"start":{"line":95,"column":0},"end":{"line":95,"column":21}}},"fnMap":{"0":{"name":"(anonymous_0)","decl":{"start":{"line":30,"column":8},"end":{"line":30,"column":9}},"loc":{"start":{"line":30,"column":28},"end":{"line":34,"column":1}},"line":30},"1":{"name":"(anonymous_1)","decl":{"start":{"line":32,"column":22},"end":{"line":32,"column":23}},"loc":{"start":{"line":32,"column":33},"end":{"line":32,"column":66}},"line":32},"2":{"name":"(anonymous_2)","decl":{"start":{"line":36,"column":8},"end":{"line":36,"column":9}},"loc":{"start":{"line":36,"column":28},"end":{"line":69,"column":1}},"line":36},"3":{"name":"(anonymous_3)","decl":{"start":{"line":52,"column":24},"end":{"line":52,"column":25}},"loc":{"start":{"line":52,"column":33},"end":{"line":64,"column":5}},"line":52}},"branchMap":{"0":{"loc":{"start":{"line":32,"column":33},"end":{"line":32,"column":66}},"type":"cond-expr","locations":[{"start":{"line":32,"column":53},"end":{"line":32,"column":61}},{"start":{"line":32,"column":64},"end":{"line":32,"column":66}}],"line":32},"1":{"loc":{"start":{"line":42,"column":21},"end":{"line":42,"column":60}},"type":"binary-expr","locations":[{"start":{"line":42,"column":21},"end":{"line":42,"column":32}},{"start":{"line":42,"column":36},"end":{"line":42,"column":60}}],"line":42},"2":{"loc":{"start":{"line":44,"column":2},"end":{"line":68,"column":3}},"type":"if","locations":[{"start":{"line":44,"column":2},"end":{"line":68,"column":3}},{"start":{"line":65,"column":9},"end":{"line":68,"column":3}}],"line":44},"3":{"loc":{"start":{"line":45,"column":4},"end":{"line":49,"column":14}},"type":"binary-expr","locations":[{"start":{"line":45,"column":5},"end":{"line":45,"column":16}},{"start":{"line":46,"column":6},"end":{"line":46,"column":18}},{"start":{"line":47,"column":6},"end":{"line":47,"column":28}},{"start":{"line":48,"column":6},"end":{"line":48,"column":25}},{"start":{"line":49,"column":4},"end":{"line":49,"column":14}}],"line":45},"4":{"loc":{"start":{"line":53,"column":6},"end":{"line":55,"column":7}},"type":"if","locations":[{"start":{"line":53,"column":6},"end":{"line":55,"column":7}},{"start":{},"end":{}}],"line":53},"5":{"loc":{"start":{"line":57,"column":6},"end":{"line":63,"column":7}},"type":"if","locations":[{"start":{"line":57,"column":6},"end":{"line":63,"column":7}},{"start":{"line":59,"column":13},"end":{"line":63,"column":7}}],"line":57},"6":{"loc":{"start":{"line":59,"column":13},"end":{"line":63,"column":7}},"type":"if","locations":[{"start":{"line":59,"column":13},"end":{"line":63,"column":7}},{"start":{"line":61,"column":13},"end":{"line":63,"column":7}}],"line":59}},"s":{"0":4,"1":4,"2":4,"3":4,"4":4,"5":4,"6":4,"7":4,"8":4,"9":4,"10":4,"11":4,"12":4,"13":4,"14":4,"15":4,"16":4,"17":4,"18":2,"19":0,"20":2,"21":4,"22":2,"23":2,"24":2,"25":2,"26":2,"27":2,"28":0,"29":0,"30":0,"31":0,"32":0,"33":0,"34":0,"35":0,"36":2,"37":4,"38":4,"39":4,"40":4,"41":4,"42":4,"43":4,"44":4,"45":4,"46":4,"47":4,"48":4,"49":4,"50":4,"51":4,"52":4},"f":{"0":2,"1":0,"2":2,"3":0},"b":{"0":[0,0],"1":[2,2],"2":[0,2],"3":[2,2,2,1,2],"4":[0,0],"5":[0,0],"6":[0,0]},"_coverageSchema":"1a1c01bbd47fc00a2c39e90264f33305004495a9","hash":"117a1023ef615438bac0b5c2b6d6ae8155eaf206"}
,"C:\\Users\\User\\Documents\\IIT\\Year 3\\SDGP\\Y3-18\\TutorMeister\\Controller\\backend\\create_course_controller.js": {"path":"C:\\Users\\User\\Documents\\IIT\\Year 3\\SDGP\\Y3-18\\TutorMeister\\Controller\\backend\\create_course_controller.js","statementMap":{"0":{"start":{"line":1,"column":11},"end":{"line":1,"column":40}},"1":{"start":{"line":2,"column":26},"end":{"line":2,"column":70}},"2":{"start":{"line":3,"column":14},"end":{"line":3,"column":40}},"3":{"start":{"line":4,"column":19},"end":{"line":4,"column":41}},"4":{"start":{"line":5,"column":36},"end":{"line":5,"column":64}},"5":{"start":{"line":6,"column":16},"end":{"line":6,"column":42}},"6":{"start":{"line":8,"column":0},"end":{"line":16,"column":2}},"7":{"start":{"line":9,"column":2},"end":{"line":15,"column":3}},"8":{"start":{"line":10,"column":4},"end":{"line":10,"column":34}},"9":{"start":{"line":12,"column":18},"end":{"line":12,"column":20}},"10":{"start":{"line":13,"column":22},"end":{"line":13,"column":24}},"11":{"start":{"line":14,"column":4},"end":{"line":14,"column":31}},"12":{"start":{"line":18,"column":0},"end":{"line":80,"column":2}},"13":{"start":{"line":19,"column":2},"end":{"line":79,"column":3}},"14":{"start":{"line":20,"column":4},"end":{"line":20,"column":34}},"15":{"start":{"line":22,"column":18},"end":{"line":22,"column":20}},"16":{"start":{"line":23,"column":19},"end":{"line":23,"column":40}},"17":{"start":{"line":24,"column":15},"end":{"line":24,"column":23}},"18":{"start":{"line":26,"column":23},"end":{"line":26,"column":47}},"19":{"start":{"line":27,"column":21},"end":{"line":27,"column":36}},"20":{"start":{"line":28,"column":4},"end":{"line":28,"column":35}},"21":{"start":{"line":29,"column":18},"end":{"line":29,"column":30}},"22":{"start":{"line":30,"column":4},"end":{"line":30,"column":29}},"23":{"start":{"line":31,"column":19},"end":{"line":31,"column":32}},"24":{"start":{"line":32,"column":16},"end":{"line":32,"column":26}},"25":{"start":{"line":33,"column":4},"end":{"line":33,"column":25}},"26":{"start":{"line":34,"column":24},"end":{"line":34,"column":42}},"27":{"start":{"line":35,"column":25},"end":{"line":35,"column":44}},"28":{"start":{"line":36,"column":23},"end":{"line":36,"column":40}},"29":{"start":{"line":37,"column":16},"end":{"line":37,"column":26}},"30":{"start":{"line":38,"column":4},"end":{"line":38,"column":25}},"31":{"start":{"line":39,"column":15},"end":{"line":39,"column":31}},"32":{"start":{"line":40,"column":4},"end":{"line":40,"column":23}},"33":{"start":{"line":42,"column":19},"end":{"line":42,"column":20}},"34":{"start":{"line":43,"column":4},"end":{"line":78,"column":5}},"35":{"start":{"line":44,"column":32},"end":{"line":44,"column":46}},"36":{"start":{"line":45,"column":6},"end":{"line":49,"column":9}},"37":{"start":{"line":51,"column":23},"end":{"line":51,"column":46}},"38":{"start":{"line":52,"column":6},"end":{"line":52,"column":27}},"39":{"start":{"line":53,"column":6},"end":{"line":77,"column":8}},"40":{"start":{"line":68,"column":10},"end":{"line":75,"column":11}},"41":{"start":{"line":69,"column":12},"end":{"line":69,"column":39}},"42":{"start":{"line":71,"column":12},"end":{"line":71,"column":37}},"43":{"start":{"line":72,"column":12},"end":{"line":72,"column":44}},"44":{"start":{"line":73,"column":12},"end":{"line":73,"column":29}},"45":{"start":{"line":74,"column":12},"end":{"line":74,"column":45}}},"fnMap":{"0":{"name":"(anonymous_0)","decl":{"start":{"line":8,"column":23},"end":{"line":8,"column":24}},"loc":{"start":{"line":8,"column":37},"end":{"line":16,"column":1}},"line":8},"1":{"name":"(anonymous_1)","decl":{"start":{"line":18,"column":27},"end":{"line":18,"column":28}},"loc":{"start":{"line":18,"column":41},"end":{"line":80,"column":1}},"line":18},"2":{"name":"(anonymous_2)","decl":{"start":{"line":67,"column":8},"end":{"line":67,"column":9}},"loc":{"start":{"line":67,"column":23},"end":{"line":76,"column":9}},"line":67}},"branchMap":{"0":{"loc":{"start":{"line":9,"column":2},"end":{"line":15,"column":3}},"type":"if","locations":[{"start":{"line":9,"column":2},"end":{"line":15,"column":3}},{"start":{"line":11,"column":9},"end":{"line":15,"column":3}}],"line":9},"1":{"loc":{"start":{"line":19,"column":2},"end":{"line":79,"column":3}},"type":"if","locations":[{"start":{"line":19,"column":2},"end":{"line":79,"column":3}},{"start":{"line":21,"column":9},"end":{"line":79,"column":3}}],"line":19},"2":{"loc":{"start":{"line":43,"column":4},"end":{"line":78,"column":5}},"type":"if","locations":[{"start":{"line":43,"column":4},"end":{"line":78,"column":5}},{"start":{"line":50,"column":11},"end":{"line":78,"column":5}}],"line":43},"3":{"loc":{"start":{"line":68,"column":10},"end":{"line":75,"column":11}},"type":"if","locations":[{"start":{"line":68,"column":10},"end":{"line":75,"column":11}},{"start":{"line":70,"column":17},"end":{"line":75,"column":11}}],"line":68}},"s":{"0":4,"1":4,"2":4,"3":4,"4":4,"5":4,"6":4,"7":1,"8":0,"9":1,"10":1,"11":1,"12":4,"13":1,"14":0,"15":1,"16":1,"17":1,"18":1,"19":1,"20":1,"21":1,"22":1,"23":1,"24":1,"25":1,"26":1,"27":1,"28":1,"29":1,"30":1,"31":1,"32":1,"33":1,"34":1,"35":0,"36":0,"37":1,"38":1,"39":1,"40":1,"41":0,"42":1,"43":1,"44":1,"45":1},"f":{"0":1,"1":1,"2":1},"b":{"0":[0,1],"1":[0,1],"2":[0,1],"3":[0,1]},"_coverageSchema":"1a1c01bbd47fc00a2c39e90264f33305004495a9","hash":"1c5e59a2b0639af934d5ee8d28675214d6ab5cd2"}
,"C:\\Users\\User\\Documents\\IIT\\Year 3\\SDGP\\Y3-18\\TutorMeister\\Controller\\backend\\ins_home_controller.js": {"path":"C:\\Users\\User\\Documents\\IIT\\Year 3\\SDGP\\Y3-18\\TutorMeister\\Controller\\backend\\ins_home_controller.js","statementMap":{"0":{"start":{"line":1,"column":11},"end":{"line":1,"column":40}},"1":{"start":{"line":2,"column":21},"end":{"line":2,"column":60}},"2":{"start":{"line":3,"column":14},"end":{"line":3,"column":40}},"3":{"start":{"line":5,"column":0},"end":{"line":44,"column":2}},"4":{"start":{"line":6,"column":2},"end":{"line":43,"column":3}},"5":{"start":{"line":7,"column":4},"end":{"line":7,"column":34}},"6":{"start":{"line":9,"column":23},"end":{"line":9,"column":25}},"7":{"start":{"line":10,"column":23},"end":{"line":10,"column":47}},"8":{"start":{"line":11,"column":19},"end":{"line":11,"column":46}},"9":{"start":{"line":12,"column":19},"end":{"line":12,"column":46}},"10":{"start":{"line":13,"column":21},"end":{"line":13,"column":44}},"11":{"start":{"line":14,"column":4},"end":{"line":14,"column":25}},"12":{"start":{"line":15,"column":4},"end":{"line":42,"column":6}},"13":{"start":{"line":19,"column":8},"end":{"line":40,"column":9}},"14":{"start":{"line":20,"column":10},"end":{"line":20,"column":27}},"15":{"start":{"line":21,"column":10},"end":{"line":21,"column":30}},"16":{"start":{"line":22,"column":10},"end":{"line":22,"column":17}},"17":{"start":{"line":24,"column":10},"end":{"line":39,"column":11}},"18":{"start":{"line":25,"column":12},"end":{"line":33,"column":13}},"19":{"start":{"line":25,"column":25},"end":{"line":25,"column":26}},"20":{"start":{"line":26,"column":29},"end":{"line":31,"column":15}},"21":{"start":{"line":32,"column":14},"end":{"line":32,"column":42}},"22":{"start":{"line":34,"column":12},"end":{"line":34,"column":29}},"23":{"start":{"line":35,"column":12},"end":{"line":35,"column":66}},"24":{"start":{"line":37,"column":12},"end":{"line":37,"column":29}},"25":{"start":{"line":38,"column":12},"end":{"line":38,"column":56}},"26":{"start":{"line":46,"column":0},"end":{"line":75,"column":2}},"27":{"start":{"line":47,"column":2},"end":{"line":49,"column":3}},"28":{"start":{"line":48,"column":4},"end":{"line":48,"column":34}},"29":{"start":{"line":50,"column":19},"end":{"line":50,"column":36}},"30":{"start":{"line":51,"column":2},"end":{"line":51,"column":34}},"31":{"start":{"line":54,"column":21},"end":{"line":54,"column":44}},"32":{"start":{"line":55,"column":2},"end":{"line":55,"column":23}},"33":{"start":{"line":56,"column":2},"end":{"line":74,"column":4}},"34":{"start":{"line":60,"column":6},"end":{"line":64,"column":7}},"35":{"start":{"line":61,"column":8},"end":{"line":61,"column":25}},"36":{"start":{"line":62,"column":8},"end":{"line":62,"column":28}},"37":{"start":{"line":63,"column":8},"end":{"line":63,"column":15}},"38":{"start":{"line":66,"column":6},"end":{"line":70,"column":7}},"39":{"start":{"line":67,"column":8},"end":{"line":67,"column":36}},"40":{"start":{"line":69,"column":8},"end":{"line":69,"column":46}},"41":{"start":{"line":72,"column":6},"end":{"line":72,"column":23}}},"fnMap":{"0":{"name":"(anonymous_0)","decl":{"start":{"line":5,"column":18},"end":{"line":5,"column":19}},"loc":{"start":{"line":5,"column":32},"end":{"line":44,"column":1}},"line":5},"1":{"name":"(anonymous_1)","decl":{"start":{"line":18,"column":6},"end":{"line":18,"column":7}},"loc":{"start":{"line":18,"column":23},"end":{"line":41,"column":7}},"line":18},"2":{"name":"(anonymous_2)","decl":{"start":{"line":46,"column":22},"end":{"line":46,"column":23}},"loc":{"start":{"line":46,"column":36},"end":{"line":75,"column":1}},"line":46},"3":{"name":"(anonymous_3)","decl":{"start":{"line":59,"column":4},"end":{"line":59,"column":5}},"loc":{"start":{"line":59,"column":21},"end":{"line":73,"column":5}},"line":59}},"branchMap":{"0":{"loc":{"start":{"line":6,"column":2},"end":{"line":43,"column":3}},"type":"if","locations":[{"start":{"line":6,"column":2},"end":{"line":43,"column":3}},{"start":{"line":8,"column":9},"end":{"line":43,"column":3}}],"line":6},"1":{"loc":{"start":{"line":6,"column":6},"end":{"line":6,"column":47}},"type":"binary-expr","locations":[{"start":{"line":6,"column":6},"end":{"line":6,"column":18}},{"start":{"line":6,"column":22},"end":{"line":6,"column":47}}],"line":6},"2":{"loc":{"start":{"line":19,"column":8},"end":{"line":40,"column":9}},"type":"if","locations":[{"start":{"line":19,"column":8},"end":{"line":40,"column":9}},{"start":{"line":23,"column":15},"end":{"line":40,"column":9}}],"line":19},"3":{"loc":{"start":{"line":24,"column":10},"end":{"line":39,"column":11}},"type":"if","locations":[{"start":{"line":24,"column":10},"end":{"line":39,"column":11}},{"start":{"line":36,"column":17},"end":{"line":39,"column":11}}],"line":24},"4":{"loc":{"start":{"line":47,"column":2},"end":{"line":49,"column":3}},"type":"if","locations":[{"start":{"line":47,"column":2},"end":{"line":49,"column":3}},{"start":{},"end":{}}],"line":47},"5":{"loc":{"start":{"line":47,"column":6},"end":{"line":47,"column":47}},"type":"binary-expr","locations":[{"start":{"line":47,"column":6},"end":{"line":47,"column":18}},{"start":{"line":47,"column":22},"end":{"line":47,"column":47}}],"line":47},"6":{"loc":{"start":{"line":60,"column":6},"end":{"line":64,"column":7}},"type":"if","locations":[{"start":{"line":60,"column":6},"end":{"line":64,"column":7}},{"start":{},"end":{}}],"line":60},"7":{"loc":{"start":{"line":66,"column":6},"end":{"line":70,"column":7}},"type":"if","locations":[{"start":{"line":66,"column":6},"end":{"line":70,"column":7}},{"start":{"line":68,"column":13},"end":{"line":70,"column":7}}],"line":66}},"s":{"0":4,"1":4,"2":4,"3":4,"4":1,"5":0,"6":1,"7":1,"8":1,"9":1,"10":1,"11":1,"12":1,"13":1,"14":0,"15":0,"16":0,"17":1,"18":1,"19":1,"20":2,"21":2,"22":1,"23":1,"24":0,"25":0,"26":4,"27":1,"28":0,"29":1,"30":1,"31":1,"32":1,"33":1,"34":1,"35":0,"36":0,"37":0,"38":1,"39":1,"40":0,"41":1},"f":{"0":1,"1":1,"2":1,"3":1},"b":{"0":[0,1],"1":[1,1],"2":[0,1],"3":[1,0],"4":[0,1],"5":[1,1],"6":[0,1],"7":[1,0]},"_coverageSchema":"1a1c01bbd47fc00a2c39e90264f33305004495a9","hash":"7c05afcb9f426b1cc1fc65e04dd48e149066dfe9"}
,"C:\\Users\\User\\Documents\\IIT\\Year 3\\SDGP\\Y3-18\\TutorMeister\\Controller\\backend\\ins_view_course_controller.js": {"path":"C:\\Users\\User\\Documents\\IIT\\Year 3\\SDGP\\Y3-18\\TutorMeister\\Controller\\backend\\ins_view_course_controller.js","statementMap":{"0":{"start":{"line":1,"column":11},"end":{"line":1,"column":40}},"1":{"start":{"line":2,"column":21},"end":{"line":2,"column":60}},"2":{"start":{"line":3,"column":14},"end":{"line":3,"column":40}},"3":{"start":{"line":5,"column":0},"end":{"line":55,"column":2}},"4":{"start":{"line":6,"column":2},"end":{"line":54,"column":3}},"5":{"start":{"line":7,"column":4},"end":{"line":7,"column":34}},"6":{"start":{"line":9,"column":23},"end":{"line":9,"column":25}},"7":{"start":{"line":10,"column":19},"end":{"line":10,"column":39}},"8":{"start":{"line":11,"column":19},"end":{"line":11,"column":46}},"9":{"start":{"line":12,"column":19},"end":{"line":12,"column":46}},"10":{"start":{"line":13,"column":21},"end":{"line":13,"column":44}},"11":{"start":{"line":14,"column":4},"end":{"line":14,"column":25}},"12":{"start":{"line":15,"column":4},"end":{"line":53,"column":6}},"13":{"start":{"line":19,"column":8},"end":{"line":51,"column":9}},"14":{"start":{"line":20,"column":10},"end":{"line":20,"column":27}},"15":{"start":{"line":21,"column":10},"end":{"line":21,"column":30}},"16":{"start":{"line":22,"column":10},"end":{"line":22,"column":17}},"17":{"start":{"line":24,"column":10},"end":{"line":50,"column":11}},"18":{"start":{"line":25,"column":12},"end":{"line":44,"column":13}},"19":{"start":{"line":25,"column":25},"end":{"line":25,"column":26}},"20":{"start":{"line":26,"column":29},"end":{"line":37,"column":15}},"21":{"start":{"line":39,"column":14},"end":{"line":42,"column":15}},"22":{"start":{"line":40,"column":32},"end":{"line":40,"column":63}},"23":{"start":{"line":41,"column":16},"end":{"line":41,"column":76}},"24":{"start":{"line":43,"column":14},"end":{"line":43,"column":42}},"25":{"start":{"line":45,"column":12},"end":{"line":45,"column":29}},"26":{"start":{"line":46,"column":12},"end":{"line":46,"column":69}},"27":{"start":{"line":48,"column":12},"end":{"line":48,"column":29}},"28":{"start":{"line":49,"column":12},"end":{"line":49,"column":59}},"29":{"start":{"line":60,"column":4},"end":{"line":60,"column":106}},"30":{"start":{"line":61,"column":16},"end":{"line":61,"column":32}},"31":{"start":{"line":62,"column":2},"end":{"line":62,"column":33}}},"fnMap":{"0":{"name":"(anonymous_0)","decl":{"start":{"line":5,"column":24},"end":{"line":5,"column":25}},"loc":{"start":{"line":5,"column":38},"end":{"line":55,"column":1}},"line":5},"1":{"name":"(anonymous_1)","decl":{"start":{"line":18,"column":6},"end":{"line":18,"column":7}},"loc":{"start":{"line":18,"column":23},"end":{"line":52,"column":7}},"line":18},"2":{"name":"extractVideoId","decl":{"start":{"line":58,"column":9},"end":{"line":58,"column":23}},"loc":{"start":{"line":58,"column":29},"end":{"line":63,"column":1}},"line":58}},"branchMap":{"0":{"loc":{"start":{"line":6,"column":2},"end":{"line":54,"column":3}},"type":"if","locations":[{"start":{"line":6,"column":2},"end":{"line":54,"column":3}},{"start":{"line":8,"column":9},"end":{"line":54,"column":3}}],"line":6},"1":{"loc":{"start":{"line":6,"column":6},"end":{"line":6,"column":47}},"type":"binary-expr","locations":[{"start":{"line":6,"column":6},"end":{"line":6,"column":18}},{"start":{"line":6,"column":22},"end":{"line":6,"column":47}}],"line":6},"2":{"loc":{"start":{"line":19,"column":8},"end":{"line":51,"column":9}},"type":"if","locations":[{"start":{"line":19,"column":8},"end":{"line":51,"column":9}},{"start":{"line":23,"column":15},"end":{"line":51,"column":9}}],"line":19},"3":{"loc":{"start":{"line":24,"column":10},"end":{"line":50,"column":11}},"type":"if","locations":[{"start":{"line":24,"column":10},"end":{"line":50,"column":11}},{"start":{"line":47,"column":17},"end":{"line":50,"column":11}}],"line":24},"4":{"loc":{"start":{"line":39,"column":14},"end":{"line":42,"column":15}},"type":"if","locations":[{"start":{"line":39,"column":14},"end":{"line":42,"column":15}},{"start":{},"end":{}}],"line":39},"5":{"loc":{"start":{"line":39,"column":18},"end":{"line":39,"column":73}},"type":"binary-expr","locations":[{"start":{"line":39,"column":18},"end":{"line":39,"column":47}},{"start":{"line":39,"column":51},"end":{"line":39,"column":73}}],"line":39},"6":{"loc":{"start":{"line":62,"column":9},"end":{"line":62,"column":32}},"type":"cond-expr","locations":[{"start":{"line":62,"column":17},"end":{"line":62,"column":25}},{"start":{"line":62,"column":28},"end":{"line":62,"column":32}}],"line":62}},"s":{"0":4,"1":4,"2":4,"3":4,"4":1,"5":0,"6":1,"7":1,"8":1,"9":1,"10":1,"11":1,"12":1,"13":1,"14":0,"15":0,"16":0,"17":1,"18":1,"19":1,"20":1,"21":1,"22":0,"23":0,"24":1,"25":1,"26":1,"27":0,"28":0,"29":0,"30":0,"31":0},"f":{"0":1,"1":1,"2":0},"b":{"0":[0,1],"1":[1,1],"2":[0,1],"3":[1,0],"4":[0,1],"5":[1,0],"6":[0,0]},"_coverageSchema":"1a1c01bbd47fc00a2c39e90264f33305004495a9","hash":"029390a43769f203b68e7f2f0aab6314ebf2d56b"}
,"C:\\Users\\User\\Documents\\IIT\\Year 3\\SDGP\\Y3-18\\TutorMeister\\Controller\\backend\\login_controller.js": {"path":"C:\\Users\\User\\Documents\\IIT\\Year 3\\SDGP\\Y3-18\\TutorMeister\\Controller\\backend\\login_controller.js","statementMap":{"0":{"start":{"line":1,"column":11},"end":{"line":1,"column":40}},"1":{"start":{"line":2,"column":19},"end":{"line":2,"column":56}},"2":{"start":{"line":3,"column":14},"end":{"line":3,"column":40}},"3":{"start":{"line":5,"column":0},"end":{"line":7,"column":2}},"4":{"start":{"line":6,"column":2},"end":{"line":6,"column":23}},"5":{"start":{"line":9,"column":0},"end":{"line":12,"column":2}},"6":{"start":{"line":11,"column":2},"end":{"line":11,"column":35}},"7":{"start":{"line":14,"column":0},"end":{"line":93,"column":2}},"8":{"start":{"line":16,"column":15},"end":{"line":16,"column":23}},"9":{"start":{"line":17,"column":19},"end":{"line":17,"column":32}},"10":{"start":{"line":18,"column":19},"end":{"line":18,"column":32}},"11":{"start":{"line":20,"column":2},"end":{"line":92,"column":3}},"12":{"start":{"line":21,"column":23},"end":{"line":21,"column":46}},"13":{"start":{"line":23,"column":4},"end":{"line":26,"column":5}},"14":{"start":{"line":24,"column":6},"end":{"line":24,"column":77}},"15":{"start":{"line":25,"column":6},"end":{"line":25,"column":13}},"16":{"start":{"line":28,"column":4},"end":{"line":28,"column":25}},"17":{"start":{"line":31,"column":4},"end":{"line":89,"column":6}},"18":{"start":{"line":35,"column":8},"end":{"line":87,"column":9}},"19":{"start":{"line":36,"column":10},"end":{"line":36,"column":40}},"20":{"start":{"line":38,"column":10},"end":{"line":55,"column":11}},"21":{"start":{"line":39,"column":12},"end":{"line":39,"column":64}},"22":{"start":{"line":40,"column":12},"end":{"line":40,"column":70}},"23":{"start":{"line":41,"column":12},"end":{"line":41,"column":69}},"24":{"start":{"line":42,"column":30},"end":{"line":42,"column":56}},"25":{"start":{"line":43,"column":35},"end":{"line":43,"column":68}},"26":{"start":{"line":45,"column":12},"end":{"line":54,"column":13}},"27":{"start":{"line":46,"column":14},"end":{"line":46,"column":47}},"28":{"start":{"line":47,"column":14},"end":{"line":47,"column":31}},"29":{"start":{"line":48,"column":14},"end":{"line":48,"column":21}},"30":{"start":{"line":50,"column":14},"end":{"line":50,"column":45}},"31":{"start":{"line":51,"column":14},"end":{"line":51,"column":69}},"32":{"start":{"line":52,"column":14},"end":{"line":52,"column":31}},"33":{"start":{"line":53,"column":14},"end":{"line":53,"column":21}},"34":{"start":{"line":58,"column":10},"end":{"line":86,"column":12}},"35":{"start":{"line":62,"column":14},"end":{"line":83,"column":15}},"36":{"start":{"line":63,"column":16},"end":{"line":63,"column":43}},"37":{"start":{"line":65,"column":16},"end":{"line":82,"column":17}},"38":{"start":{"line":66,"column":18},"end":{"line":66,"column":64}},"39":{"start":{"line":67,"column":36},"end":{"line":67,"column":59}},"40":{"start":{"line":68,"column":41},"end":{"line":68,"column":74}},"41":{"start":{"line":70,"column":18},"end":{"line":78,"column":19}},"42":{"start":{"line":71,"column":20},"end":{"line":71,"column":50}},"43":{"start":{"line":72,"column":20},"end":{"line":72,"column":37}},"44":{"start":{"line":73,"column":20},"end":{"line":73,"column":27}},"45":{"start":{"line":75,"column":20},"end":{"line":75,"column":75}},"46":{"start":{"line":76,"column":20},"end":{"line":76,"column":37}},"47":{"start":{"line":77,"column":20},"end":{"line":77,"column":27}},"48":{"start":{"line":81,"column":18},"end":{"line":81,"column":73}},"49":{"start":{"line":84,"column":14},"end":{"line":84,"column":31}},"50":{"start":{"line":91,"column":4},"end":{"line":91,"column":71}},"51":{"start":{"line":95,"column":0},"end":{"line":97,"column":2}},"52":{"start":{"line":96,"column":4},"end":{"line":96,"column":27}}},"fnMap":{"0":{"name":"(anonymous_0)","decl":{"start":{"line":5,"column":17},"end":{"line":5,"column":18}},"loc":{"start":{"line":5,"column":31},"end":{"line":7,"column":1}},"line":5},"1":{"name":"(anonymous_1)","decl":{"start":{"line":9,"column":16},"end":{"line":9,"column":17}},"loc":{"start":{"line":9,"column":30},"end":{"line":12,"column":1}},"line":9},"2":{"name":"(anonymous_2)","decl":{"start":{"line":14,"column":20},"end":{"line":14,"column":21}},"loc":{"start":{"line":14,"column":34},"end":{"line":93,"column":1}},"line":14},"3":{"name":"(anonymous_3)","decl":{"start":{"line":34,"column":6},"end":{"line":34,"column":7}},"loc":{"start":{"line":34,"column":41},"end":{"line":88,"column":7}},"line":34},"4":{"name":"(anonymous_4)","decl":{"start":{"line":61,"column":12},"end":{"line":61,"column":13}},"loc":{"start":{"line":61,"column":41},"end":{"line":85,"column":13}},"line":61},"5":{"name":"(anonymous_5)","decl":{"start":{"line":95,"column":17},"end":{"line":95,"column":18}},"loc":{"start":{"line":95,"column":31},"end":{"line":97,"column":1}},"line":95}},"branchMap":{"0":{"loc":{"start":{"line":20,"column":2},"end":{"line":92,"column":3}},"type":"if","locations":[{"start":{"line":20,"column":2},"end":{"line":92,"column":3}},{"start":{"line":90,"column":9},"end":{"line":92,"column":3}}],"line":20},"1":{"loc":{"start":{"line":20,"column":6},"end":{"line":20,"column":26}},"type":"binary-expr","locations":[{"start":{"line":20,"column":6},"end":{"line":20,"column":14}},{"start":{"line":20,"column":18},"end":{"line":20,"column":26}}],"line":20},"2":{"loc":{"start":{"line":23,"column":4},"end":{"line":26,"column":5}},"type":"if","locations":[{"start":{"line":23,"column":4},"end":{"line":26,"column":5}},{"start":{},"end":{}}],"line":23},"3":{"loc":{"start":{"line":35,"column":8},"end":{"line":87,"column":9}},"type":"if","locations":[{"start":{"line":35,"column":8},"end":{"line":87,"column":9}},{"start":{"line":37,"column":15},"end":{"line":87,"column":9}}],"line":35},"4":{"loc":{"start":{"line":38,"column":10},"end":{"line":55,"column":11}},"type":"if","locations":[{"start":{"line":38,"column":10},"end":{"line":55,"column":11}},{"start":{},"end":{}}],"line":38},"5":{"loc":{"start":{"line":45,"column":12},"end":{"line":54,"column":13}},"type":"if","locations":[{"start":{"line":45,"column":12},"end":{"line":54,"column":13}},{"start":{"line":49,"column":19},"end":{"line":54,"column":13}}],"line":45},"6":{"loc":{"start":{"line":62,"column":14},"end":{"line":83,"column":15}},"type":"if","locations":[{"start":{"line":62,"column":14},"end":{"line":83,"column":15}},{"start":{"line":64,"column":21},"end":{"line":83,"column":15}}],"line":62},"7":{"loc":{"start":{"line":65,"column":16},"end":{"line":82,"column":17}},"type":"if","locations":[{"start":{"line":65,"column":16},"end":{"line":82,"column":17}},{"start":{"line":79,"column":23},"end":{"line":82,"column":17}}],"line":65},"8":{"loc":{"start":{"line":70,"column":18},"end":{"line":78,"column":19}},"type":"if","locations":[{"start":{"line":70,"column":18},"end":{"line":78,"column":19}},{"start":{"line":74,"column":25},"end":{"line":78,"column":19}}],"line":70}},"s":{"0":5,"1":5,"2":5,"3":5,"4":1,"5":5,"6":1,"7":5,"8":1,"9":1,"10":1,"11":1,"12":0,"13":0,"14":0,"15":0,"16":0,"17":0,"18":0,"19":0,"20":0,"21":0,"22":0,"23":0,"24":0,"25":0,"26":0,"27":0,"28":0,"29":0,"30":0,"31":0,"32":0,"33":0,"34":0,"35":0,"36":0,"37":0,"38":0,"39":0,"40":0,"41":0,"42":0,"43":0,"44":0,"45":0,"46":0,"47":0,"48":0,"49":0,"50":1,"51":5,"52":1},"f":{"0":1,"1":1,"2":1,"3":0,"4":0,"5":1},"b":{"0":[0,1],"1":[1,0],"2":[0,0],"3":[0,0],"4":[0,0],"5":[0,0],"6":[0,0],"7":[0,0],"8":[0,0]},"_coverageSchema":"1a1c01bbd47fc00a2c39e90264f33305004495a9","hash":"4898ad18729093761bccdf1ac95cb27285f68303"}
,"C:\\Users\\User\\Documents\\IIT\\Year 3\\SDGP\\Y3-18\\TutorMeister\\Controller\\backend\\signup_controller.js": {"path":"C:\\Users\\User\\Documents\\IIT\\Year 3\\SDGP\\Y3-18\\TutorMeister\\Controller\\backend\\signup_controller.js","statementMap":{"0":{"start":{"line":1,"column":11},"end":{"line":1,"column":40}},"1":{"start":{"line":2,"column":20},"end":{"line":2,"column":58}},"2":{"start":{"line":3,"column":14},"end":{"line":3,"column":40}},"3":{"start":{"line":4,"column":19},"end":{"line":4,"column":41}},"4":{"start":{"line":5,"column":36},"end":{"line":5,"column":64}},"5":{"start":{"line":6,"column":16},"end":{"line":6,"column":42}},"6":{"start":{"line":8,"column":0},"end":{"line":12,"column":2}},"7":{"start":{"line":9,"column":16},"end":{"line":9,"column":18}},"8":{"start":{"line":10,"column":20},"end":{"line":10,"column":22}},"9":{"start":{"line":11,"column":2},"end":{"line":11,"column":39}},"10":{"start":{"line":14,"column":0},"end":{"line":72,"column":2}},"11":{"start":{"line":15,"column":16},"end":{"line":15,"column":18}},"12":{"start":{"line":16,"column":17},"end":{"line":16,"column":38}},"13":{"start":{"line":17,"column":13},"end":{"line":17,"column":21}},"14":{"start":{"line":19,"column":18},"end":{"line":19,"column":32}},"15":{"start":{"line":20,"column":2},"end":{"line":20,"column":31}},"16":{"start":{"line":21,"column":17},"end":{"line":21,"column":30}},"17":{"start":{"line":22,"column":2},"end":{"line":22,"column":29}},"18":{"start":{"line":23,"column":17},"end":{"line":23,"column":30}},"19":{"start":{"line":24,"column":2},"end":{"line":24,"column":29}},"20":{"start":{"line":25,"column":16},"end":{"line":25,"column":28}},"21":{"start":{"line":26,"column":2},"end":{"line":26,"column":27}},"22":{"start":{"line":27,"column":14},"end":{"line":27,"column":24}},"23":{"start":{"line":28,"column":2},"end":{"line":28,"column":23}},"24":{"start":{"line":29,"column":17},"end":{"line":29,"column":30}},"25":{"start":{"line":30,"column":2},"end":{"line":30,"column":29}},"26":{"start":{"line":32,"column":15},"end":{"line":32,"column":16}},"27":{"start":{"line":33,"column":21},"end":{"line":33,"column":23}},"28":{"start":{"line":35,"column":2},"end":{"line":71,"column":3}},"29":{"start":{"line":36,"column":30},"end":{"line":36,"column":44}},"30":{"start":{"line":37,"column":4},"end":{"line":37,"column":77}},"31":{"start":{"line":39,"column":23},"end":{"line":39,"column":55}},"32":{"start":{"line":40,"column":21},"end":{"line":40,"column":44}},"33":{"start":{"line":41,"column":4},"end":{"line":41,"column":25}},"34":{"start":{"line":42,"column":4},"end":{"line":70,"column":6}},"35":{"start":{"line":46,"column":8},"end":{"line":50,"column":9}},"36":{"start":{"line":47,"column":10},"end":{"line":47,"column":27}},"37":{"start":{"line":48,"column":10},"end":{"line":48,"column":30}},"38":{"start":{"line":49,"column":10},"end":{"line":49,"column":17}},"39":{"start":{"line":51,"column":8},"end":{"line":68,"column":9}},"40":{"start":{"line":52,"column":10},"end":{"line":52,"column":60}},"41":{"start":{"line":53,"column":10},"end":{"line":53,"column":64}},"42":{"start":{"line":55,"column":10},"end":{"line":66,"column":12}},"43":{"start":{"line":59,"column":14},"end":{"line":64,"column":15}},"44":{"start":{"line":60,"column":16},"end":{"line":60,"column":36}},"45":{"start":{"line":62,"column":16},"end":{"line":62,"column":39}},"46":{"start":{"line":63,"column":16},"end":{"line":63,"column":33}},"47":{"start":{"line":67,"column":10},"end":{"line":67,"column":33}},"48":{"start":{"line":74,"column":0},"end":{"line":78,"column":2}},"49":{"start":{"line":75,"column":16},"end":{"line":75,"column":18}},"50":{"start":{"line":76,"column":20},"end":{"line":76,"column":22}},"51":{"start":{"line":77,"column":2},"end":{"line":77,"column":39}},"52":{"start":{"line":80,"column":0},"end":{"line":157,"column":2}},"53":{"start":{"line":81,"column":16},"end":{"line":81,"column":18}},"54":{"start":{"line":82,"column":17},"end":{"line":82,"column":38}},"55":{"start":{"line":83,"column":13},"end":{"line":83,"column":21}},"56":{"start":{"line":85,"column":18},"end":{"line":85,"column":35}},"57":{"start":{"line":86,"column":2},"end":{"line":86,"column":31}},"58":{"start":{"line":87,"column":17},"end":{"line":87,"column":33}},"59":{"start":{"line":88,"column":2},"end":{"line":88,"column":29}},"60":{"start":{"line":89,"column":17},"end":{"line":89,"column":33}},"61":{"start":{"line":90,"column":2},"end":{"line":90,"column":29}},"62":{"start":{"line":91,"column":16},"end":{"line":91,"column":31}},"63":{"start":{"line":92,"column":2},"end":{"line":92,"column":27}},"64":{"start":{"line":93,"column":14},"end":{"line":93,"column":27}},"65":{"start":{"line":94,"column":2},"end":{"line":94,"column":23}},"66":{"start":{"line":95,"column":17},"end":{"line":95,"column":33}},"67":{"start":{"line":96,"column":2},"end":{"line":96,"column":29}},"68":{"start":{"line":97,"column":16},"end":{"line":97,"column":28}},"69":{"start":{"line":98,"column":22},"end":{"line":98,"column":40}},"70":{"start":{"line":99,"column":21},"end":{"line":99,"column":38}},"71":{"start":{"line":100,"column":16},"end":{"line":100,"column":28}},"72":{"start":{"line":101,"column":21},"end":{"line":101,"column":38}},"73":{"start":{"line":102,"column":23},"end":{"line":102,"column":42}},"74":{"start":{"line":104,"column":15},"end":{"line":104,"column":16}},"75":{"start":{"line":105,"column":21},"end":{"line":105,"column":23}},"76":{"start":{"line":107,"column":2},"end":{"line":156,"column":3}},"77":{"start":{"line":108,"column":30},"end":{"line":108,"column":44}},"78":{"start":{"line":109,"column":4},"end":{"line":109,"column":77}},"79":{"start":{"line":111,"column":23},"end":{"line":111,"column":55}},"80":{"start":{"line":112,"column":21},"end":{"line":112,"column":44}},"81":{"start":{"line":113,"column":4},"end":{"line":113,"column":25}},"82":{"start":{"line":114,"column":4},"end":{"line":155,"column":6}},"83":{"start":{"line":118,"column":8},"end":{"line":122,"column":9}},"84":{"start":{"line":119,"column":10},"end":{"line":119,"column":27}},"85":{"start":{"line":120,"column":10},"end":{"line":120,"column":30}},"86":{"start":{"line":121,"column":10},"end":{"line":121,"column":17}},"87":{"start":{"line":123,"column":8},"end":{"line":153,"column":9}},"88":{"start":{"line":124,"column":10},"end":{"line":124,"column":60}},"89":{"start":{"line":125,"column":10},"end":{"line":125,"column":64}},"90":{"start":{"line":127,"column":10},"end":{"line":152,"column":12}},"91":{"start":{"line":144,"column":14},"end":{"line":150,"column":15}},"92":{"start":{"line":145,"column":16},"end":{"line":145,"column":43}},"93":{"start":{"line":147,"column":16},"end":{"line":147,"column":39}},"94":{"start":{"line":148,"column":16},"end":{"line":148,"column":33}},"95":{"start":{"line":149,"column":16},"end":{"line":149,"column":39}}},"fnMap":{"0":{"name":"(anonymous_0)","decl":{"start":{"line":8,"column":20},"end":{"line":8,"column":21}},"loc":{"start":{"line":8,"column":34},"end":{"line":12,"column":1}},"line":8},"1":{"name":"(anonymous_1)","decl":{"start":{"line":14,"column":24},"end":{"line":14,"column":25}},"loc":{"start":{"line":14,"column":38},"end":{"line":72,"column":1}},"line":14},"2":{"name":"(anonymous_2)","decl":{"start":{"line":45,"column":6},"end":{"line":45,"column":7}},"loc":{"start":{"line":45,"column":23},"end":{"line":69,"column":7}},"line":45},"3":{"name":"(anonymous_3)","decl":{"start":{"line":58,"column":12},"end":{"line":58,"column":13}},"loc":{"start":{"line":58,"column":27},"end":{"line":65,"column":13}},"line":58},"4":{"name":"(anonymous_4)","decl":{"start":{"line":74,"column":20},"end":{"line":74,"column":21}},"loc":{"start":{"line":74,"column":34},"end":{"line":78,"column":1}},"line":74},"5":{"name":"(anonymous_5)","decl":{"start":{"line":80,"column":24},"end":{"line":80,"column":25}},"loc":{"start":{"line":80,"column":38},"end":{"line":157,"column":1}},"line":80},"6":{"name":"(anonymous_6)","decl":{"start":{"line":117,"column":6},"end":{"line":117,"column":7}},"loc":{"start":{"line":117,"column":23},"end":{"line":154,"column":7}},"line":117},"7":{"name":"(anonymous_7)","decl":{"start":{"line":143,"column":12},"end":{"line":143,"column":13}},"loc":{"start":{"line":143,"column":27},"end":{"line":151,"column":13}},"line":143}},"branchMap":{"0":{"loc":{"start":{"line":35,"column":2},"end":{"line":71,"column":3}},"type":"if","locations":[{"start":{"line":35,"column":2},"end":{"line":71,"column":3}},{"start":{"line":38,"column":9},"end":{"line":71,"column":3}}],"line":35},"1":{"loc":{"start":{"line":46,"column":8},"end":{"line":50,"column":9}},"type":"if","locations":[{"start":{"line":46,"column":8},"end":{"line":50,"column":9}},{"start":{},"end":{}}],"line":46},"2":{"loc":{"start":{"line":51,"column":8},"end":{"line":68,"column":9}},"type":"if","locations":[{"start":{"line":51,"column":8},"end":{"line":68,"column":9}},{"start":{"line":54,"column":15},"end":{"line":68,"column":9}}],"line":51},"3":{"loc":{"start":{"line":59,"column":14},"end":{"line":64,"column":15}},"type":"if","locations":[{"start":{"line":59,"column":14},"end":{"line":64,"column":15}},{"start":{"line":61,"column":21},"end":{"line":64,"column":15}}],"line":59},"4":{"loc":{"start":{"line":107,"column":2},"end":{"line":156,"column":3}},"type":"if","locations":[{"start":{"line":107,"column":2},"end":{"line":156,"column":3}},{"start":{"line":110,"column":9},"end":{"line":156,"column":3}}],"line":107},"5":{"loc":{"start":{"line":118,"column":8},"end":{"line":122,"column":9}},"type":"if","locations":[{"start":{"line":118,"column":8},"end":{"line":122,"column":9}},{"start":{},"end":{}}],"line":118},"6":{"loc":{"start":{"line":123,"column":8},"end":{"line":153,"column":9}},"type":"if","locations":[{"start":{"line":123,"column":8},"end":{"line":153,"column":9}},{"start":{"line":126,"column":15},"end":{"line":153,"column":9}}],"line":123},"7":{"loc":{"start":{"line":144,"column":14},"end":{"line":150,"column":15}},"type":"if","locations":[{"start":{"line":144,"column":14},"end":{"line":150,"column":15}},{"start":{"line":146,"column":21},"end":{"line":150,"column":15}}],"line":144}},"s":{"0":4,"1":4,"2":4,"3":4,"4":4,"5":4,"6":4,"7":0,"8":0,"9":0,"10":4,"11":1,"12":1,"13":1,"14":1,"15":1,"16":1,"17":1,"18":1,"19":1,"20":1,"21":1,"22":1,"23":1,"24":1,"25":1,"26":1,"27":1,"28":1,"29":0,"30":0,"31":1,"32":1,"33":1,"34":1,"35":1,"36":0,"37":0,"38":0,"39":1,"40":0,"41":0,"42":1,"43":1,"44":0,"45":1,"46":1,"47":1,"48":4,"49":0,"50":0,"51":0,"52":4,"53":1,"54":1,"55":1,"56":1,"57":1,"58":1,"59":1,"60":1,"61":1,"62":1,"63":1,"64":1,"65":1,"66":1,"67":1,"68":1,"69":1,"70":1,"71":1,"72":1,"73":1,"74":1,"75":1,"76":1,"77":0,"78":0,"79":1,"80":1,"81":1,"82":1,"83":1,"84":0,"85":0,"86":0,"87":1,"88":0,"89":0,"90":1,"91":1,"92":0,"93":1,"94":1,"95":1},"f":{"0":0,"1":1,"2":1,"3":1,"4":0,"5":1,"6":1,"7":1},"b":{"0":[0,1],"1":[0,1],"2":[0,1],"3":[0,1],"4":[0,1],"5":[0,1],"6":[0,1],"7":[0,1]},"_coverageSchema":"1a1c01bbd47fc00a2c39e90264f33305004495a9","hash":"97a21c7c02ceed03440083225ce06c32425c504a"}
,"C:\\Users\\User\\Documents\\IIT\\Year 3\\SDGP\\Y3-18\\TutorMeister\\Controller\\common\\config.js": {"path":"C:\\Users\\User\\Documents\\IIT\\Year 3\\SDGP\\Y3-18\\TutorMeister\\Controller\\common\\config.js","statementMap":{"0":{"start":{"line":1,"column":11},"end":{"line":1,"column":24}},"1":{"start":{"line":2,"column":23},"end":{"line":2,"column":62}},"2":{"start":{"line":3,"column":22},"end":{"line":3,"column":60}},"3":{"start":{"line":5,"column":0},"end":{"line":7,"column":1}},"4":{"start":{"line":6,"column":4},"end":{"line":6,"column":39}},"5":{"start":{"line":9,"column":0},"end":{"line":11,"column":1}},"6":{"start":{"line":10,"column":4},"end":{"line":10,"column":40}}},"fnMap":{"0":{"name":"(anonymous_0)","decl":{"start":{"line":5,"column":29},"end":{"line":5,"column":30}},"loc":{"start":{"line":5,"column":35},"end":{"line":7,"column":1}},"line":5},"1":{"name":"(anonymous_1)","decl":{"start":{"line":9,"column":30},"end":{"line":9,"column":31}},"loc":{"start":{"line":9,"column":36},"end":{"line":11,"column":1}},"line":9}},"branchMap":{},"s":{"0":9,"1":9,"2":9,"3":9,"4":0,"5":9,"6":0},"f":{"0":0,"1":0},"b":{},"_coverageSchema":"1a1c01bbd47fc00a2c39e90264f33305004495a9","hash":"40c15ef646f3849807e35382cd85818eb9251c95"}
,"C:\\Users\\User\\Documents\\IIT\\Year 3\\SDGP\\Y3-18\\TutorMeister\\Controller\\common\\database.js": {"path":"C:\\Users\\User\\Documents\\IIT\\Year 3\\SDGP\\Y3-18\\TutorMeister\\Controller\\common\\database.js","statementMap":{"0":{"start":{"line":1,"column":19},"end":{"line":1,"column":47}},"1":{"start":{"line":2,"column":14},"end":{"line":2,"column":31}},"2":{"start":{"line":3,"column":12},"end":{"line":3,"column":38}},"3":{"start":{"line":5,"column":0},"end":{"line":29,"column":1}},"4":{"start":{"line":6,"column":19},"end":{"line":6,"column":58}},"5":{"start":{"line":7,"column":15},"end":{"line":7,"column":50}},"6":{"start":{"line":8,"column":15},"end":{"line":8,"column":50}},"7":{"start":{"line":9,"column":19},"end":{"line":9,"column":58}},"8":{"start":{"line":12,"column":2},"end":{"line":20,"column":3}},"9":{"start":{"line":18,"column":4},"end":{"line":18,"column":63}},"10":{"start":{"line":19,"column":4},"end":{"line":19,"column":11}},"11":{"start":{"line":23,"column":2},"end":{"line":28,"column":5}}},"fnMap":{"0":{"name":"(anonymous_0)","decl":{"start":{"line":5,"column":29},"end":{"line":5,"column":30}},"loc":{"start":{"line":5,"column":35},"end":{"line":29,"column":1}},"line":5}},"branchMap":{"0":{"loc":{"start":{"line":12,"column":2},"end":{"line":20,"column":3}},"type":"if","locations":[{"start":{"line":12,"column":2},"end":{"line":20,"column":3}},{"start":{},"end":{}}],"line":12},"1":{"loc":{"start":{"line":13,"column":4},"end":{"line":16,"column":63}},"type":"binary-expr","locations":[{"start":{"line":13,"column":4},"end":{"line":13,"column":20}},{"start":{"line":13,"column":24},"end":{"line":13,"column":38}},{"start":{"line":13,"column":42},"end":{"line":13,"column":63}},{"start":{"line":14,"column":4},"end":{"line":14,"column":16}},{"start":{"line":14,"column":20},"end":{"line":14,"column":30}},{"start":{"line":14,"column":34},"end":{"line":14,"column":51}},{"start":{"line":15,"column":4},"end":{"line":15,"column":16}},{"start":{"line":15,"column":20},"end":{"line":15,"column":30}},{"start":{"line":15,"column":34},"end":{"line":15,"column":51}},{"start":{"line":16,"column":4},"end":{"line":16,"column":20}},{"start":{"line":16,"column":24},"end":{"line":16,"column":38}},{"start":{"line":16,"column":42},"end":{"line":16,"column":63}}],"line":13}},"s":{"0":5,"1":5,"2":5,"3":5,"4":0,"5":0,"6":0,"7":0,"8":0,"9":0,"10":0,"11":0},"f":{"0":0},"b":{"0":[0,0],"1":[0,0,0,0,0,0,0,0,0,0,0,0]},"_coverageSchema":"1a1c01bbd47fc00a2c39e90264f33305004495a9","hash":"689a0633a6ce0b3dd62df0bfc28d9135e4f79ce7"}
,"C:\\Users\\User\\Documents\\IIT\\Year 3\\SDGP\\Y3-18\\TutorMeister\\Controller\\common\\utils.js": {"path":"C:\\Users\\User\\Documents\\IIT\\Year 3\\SDGP\\Y3-18\\TutorMeister\\Controller\\common\\utils.js","statementMap":{"0":{"start":{"line":1,"column":15},"end":{"line":1,"column":35}},"1":{"start":{"line":2,"column":17},"end":{"line":2,"column":39}},"2":{"start":{"line":3,"column":12},"end":{"line":3,"column":28}},"3":{"start":{"line":5,"column":0},"end":{"line":9,"column":2}},"4":{"start":{"line":6,"column":22},"end":{"line":6,"column":65}},"5":{"start":{"line":7,"column":26},"end":{"line":7,"column":67}},"6":{"start":{"line":8,"column":2},"end":{"line":8,"column":27}},"7":{"start":{"line":10,"column":0},"end":{"line":16,"column":2}},"8":{"start":{"line":11,"column":26},"end":{"line":14,"column":14}},"9":{"start":{"line":15,"column":2},"end":{"line":15,"column":27}},"10":{"start":{"line":17,"column":0},"end":{"line":44,"column":2}},"11":{"start":{"line":18,"column":2},"end":{"line":43,"column":3}},"12":{"start":{"line":19,"column":22},"end":{"line":19,"column":53}},"13":{"start":{"line":20,"column":27},"end":{"line":20,"column":66}},"14":{"start":{"line":21,"column":4},"end":{"line":40,"column":5}},"15":{"start":{"line":27,"column":6},"end":{"line":27,"column":42}},"16":{"start":{"line":29,"column":25},"end":{"line":29,"column":57}},"17":{"start":{"line":30,"column":30},"end":{"line":30,"column":70}},"18":{"start":{"line":31,"column":6},"end":{"line":39,"column":7}},"19":{"start":{"line":36,"column":8},"end":{"line":36,"column":45}},"20":{"start":{"line":38,"column":8},"end":{"line":38,"column":20}},"21":{"start":{"line":42,"column":4},"end":{"line":42,"column":21}},"22":{"start":{"line":46,"column":0},"end":{"line":62,"column":2}},"23":{"start":{"line":47,"column":21},"end":{"line":47,"column":62}},"24":{"start":{"line":48,"column":19},"end":{"line":48,"column":21}},"25":{"start":{"line":49,"column":2},"end":{"line":61,"column":3}},"26":{"start":{"line":51,"column":6},"end":{"line":51,"column":98}},"27":{"start":{"line":53,"column":4},"end":{"line":53,"column":22}},"28":{"start":{"line":55,"column":4},"end":{"line":59,"column":5}},"29":{"start":{"line":55,"column":17},"end":{"line":55,"column":18}},"30":{"start":{"line":56,"column":6},"end":{"line":58,"column":7}},"31":{"start":{"line":57,"column":8},"end":{"line":57,"column":55}},"32":{"start":{"line":60,"column":4},"end":{"line":60,"column":22}},"33":{"start":{"line":64,"column":0},"end":{"line":73,"column":1}},"34":{"start":{"line":65,"column":14},"end":{"line":65,"column":86}},"35":{"start":{"line":66,"column":23},"end":{"line":66,"column":24}},"36":{"start":{"line":67,"column":21},"end":{"line":67,"column":23}},"37":{"start":{"line":68,"column":2},"end":{"line":71,"column":3}},"38":{"start":{"line":68,"column":15},"end":{"line":68,"column":16}},"39":{"start":{"line":69,"column":23},"end":{"line":69,"column":63}},"40":{"start":{"line":70,"column":4},"end":{"line":70,"column":68}},"41":{"start":{"line":72,"column":2},"end":{"line":72,"column":22}},"42":{"start":{"line":75,"column":0},"end":{"line":82,"column":2}},"43":{"start":{"line":76,"column":15},"end":{"line":76,"column":52}},"44":{"start":{"line":77,"column":2},"end":{"line":81,"column":3}},"45":{"start":{"line":77,"column":15},"end":{"line":77,"column":16}},"46":{"start":{"line":78,"column":4},"end":{"line":80,"column":5}},"47":{"start":{"line":79,"column":6},"end":{"line":79,"column":41}},"48":{"start":{"line":83,"column":0},"end":{"line":90,"column":2}},"49":{"start":{"line":84,"column":15},"end":{"line":84,"column":52}},"50":{"start":{"line":85,"column":2},"end":{"line":89,"column":3}},"51":{"start":{"line":85,"column":15},"end":{"line":85,"column":16}},"52":{"start":{"line":86,"column":4},"end":{"line":88,"column":5}},"53":{"start":{"line":87,"column":6},"end":{"line":87,"column":41}},"54":{"start":{"line":92,"column":0},"end":{"line":94,"column":2}},"55":{"start":{"line":93,"column":2},"end":{"line":93,"column":53}},"56":{"start":{"line":96,"column":0},"end":{"line":100,"column":2}},"57":{"start":{"line":98,"column":17},"end":{"line":98,"column":58}},"58":{"start":{"line":99,"column":2},"end":{"line":99,"column":18}},"59":{"start":{"line":102,"column":0},"end":{"line":108,"column":2}},"60":{"start":{"line":103,"column":2},"end":{"line":107,"column":3}},"61":{"start":{"line":104,"column":4},"end":{"line":104,"column":17}},"62":{"start":{"line":106,"column":4},"end":{"line":106,"column":16}},"63":{"start":{"line":110,"column":0},"end":{"line":118,"column":2}},"64":{"start":{"line":111,"column":23},"end":{"line":111,"column":43}},"65":{"start":{"line":113,"column":21},"end":{"line":113,"column":44}},"66":{"start":{"line":115,"column":26},"end":{"line":115,"column":53}},"67":{"start":{"line":117,"column":2},"end":{"line":117,"column":25}}},"fnMap":{"0":{"name":"(anonymous_0)","decl":{"start":{"line":5,"column":27},"end":{"line":5,"column":28}},"loc":{"start":{"line":5,"column":41},"end":{"line":9,"column":1}},"line":5},"1":{"name":"(anonymous_1)","decl":{"start":{"line":10,"column":27},"end":{"line":10,"column":28}},"loc":{"start":{"line":10,"column":41},"end":{"line":16,"column":1}},"line":10},"2":{"name":"(anonymous_2)","decl":{"start":{"line":17,"column":32},"end":{"line":17,"column":33}},"loc":{"start":{"line":17,"column":48},"end":{"line":44,"column":1}},"line":17},"3":{"name":"(anonymous_3)","decl":{"start":{"line":46,"column":25},"end":{"line":46,"column":26}},"loc":{"start":{"line":46,"column":39},"end":{"line":62,"column":1}},"line":46},"4":{"name":"(anonymous_4)","decl":{"start":{"line":64,"column":26},"end":{"line":64,"column":27}},"loc":{"start":{"line":64,"column":40},"end":{"line":73,"column":1}},"line":64},"5":{"name":"(anonymous_5)","decl":{"start":{"line":75,"column":26},"end":{"line":75,"column":27}},"loc":{"start":{"line":75,"column":32},"end":{"line":82,"column":1}},"line":75},"6":{"name":"(anonymous_6)","decl":{"start":{"line":83,"column":30},"end":{"line":83,"column":31}},"loc":{"start":{"line":83,"column":36},"end":{"line":90,"column":1}},"line":83},"7":{"name":"(anonymous_7)","decl":{"start":{"line":92,"column":25},"end":{"line":92,"column":26}},"loc":{"start":{"line":92,"column":35},"end":{"line":94,"column":1}},"line":92},"8":{"name":"(anonymous_8)","decl":{"start":{"line":96,"column":37},"end":{"line":96,"column":38}},"loc":{"start":{"line":96,"column":55},"end":{"line":100,"column":1}},"line":96},"9":{"name":"(anonymous_9)","decl":{"start":{"line":102,"column":32},"end":{"line":102,"column":33}},"loc":{"start":{"line":102,"column":46},"end":{"line":108,"column":1}},"line":102},"10":{"name":"(anonymous_10)","decl":{"start":{"line":110,"column":37},"end":{"line":110,"column":38}},"loc":{"start":{"line":110,"column":56},"end":{"line":118,"column":1}},"line":110}},"branchMap":{"0":{"loc":{"start":{"line":21,"column":4},"end":{"line":40,"column":5}},"type":"if","locations":[{"start":{"line":21,"column":4},"end":{"line":40,"column":5}},{"start":{"line":28,"column":11},"end":{"line":40,"column":5}}],"line":21},"1":{"loc":{"start":{"line":22,"column":6},"end":{"line":24,"column":28}},"type":"binary-expr","locations":[{"start":{"line":22,"column":6},"end":{"line":22,"column":30}},{"start":{"line":23,"column":6},"end":{"line":23,"column":35}},{"start":{"line":24,"column":6},"end":{"line":24,"column":28}}],"line":22},"2":{"loc":{"start":{"line":31,"column":6},"end":{"line":39,"column":7}},"type":"if","locations":[{"start":{"line":31,"column":6},"end":{"line":39,"column":7}},{"start":{"line":37,"column":13},"end":{"line":39,"column":7}}],"line":31},"3":{"loc":{"start":{"line":32,"column":8},"end":{"line":34,"column":31}},"type":"binary-expr","locations":[{"start":{"line":32,"column":8},"end":{"line":32,"column":33}},{"start":{"line":33,"column":8},"end":{"line":33,"column":38}},{"start":{"line":34,"column":8},"end":{"line":34,"column":31}}],"line":32},"4":{"loc":{"start":{"line":49,"column":2},"end":{"line":61,"column":3}},"type":"if","locations":[{"start":{"line":49,"column":2},"end":{"line":61,"column":3}},{"start":{"line":54,"column":9},"end":{"line":61,"column":3}}],"line":49},"5":{"loc":{"start":{"line":49,"column":6},"end":{"line":49,"column":78}},"type":"binary-expr","locations":[{"start":{"line":49,"column":7},"end":{"line":49,"column":27}},{"start":{"line":49,"column":31},"end":{"line":49,"column":49}},{"start":{"line":49,"column":54},"end":{"line":49,"column":78}}],"line":49},"6":{"loc":{"start":{"line":56,"column":6},"end":{"line":58,"column":7}},"type":"if","locations":[{"start":{"line":56,"column":6},"end":{"line":58,"column":7}},{"start":{},"end":{}}],"line":56},"7":{"loc":{"start":{"line":78,"column":4},"end":{"line":80,"column":5}},"type":"if","locations":[{"start":{"line":78,"column":4},"end":{"line":80,"column":5}},{"start":{},"end":{}}],"line":78},"8":{"loc":{"start":{"line":86,"column":4},"end":{"line":88,"column":5}},"type":"if","locations":[{"start":{"line":86,"column":4},"end":{"line":88,"column":5}},{"start":{},"end":{}}],"line":86},"9":{"loc":{"start":{"line":103,"column":2},"end":{"line":107,"column":3}},"type":"if","locations":[{"start":{"line":103,"column":2},"end":{"line":107,"column":3}},{"start":{"line":105,"column":9},"end":{"line":107,"column":3}}],"line":103},"10":{"loc":{"start":{"line":103,"column":6},"end":{"line":103,"column":53}},"type":"binary-expr","locations":[{"start":{"line":103,"column":6},"end":{"line":103,"column":25}},{"start":{"line":103,"column":29},"end":{"line":103,"column":53}}],"line":103}},"s":{"0":9,"1":9,"2":9,"3":9,"4":0,"5":0,"6":0,"7":9,"8":0,"9":0,"10":9,"11":0,"12":0,"13":0,"14":0,"15":0,"16":0,"17":0,"18":0,"19":0,"20":0,"21":0,"22":9,"23":0,"24":0,"25":0,"26":0,"27":0,"28":0,"29":0,"30":0,"31":0,"32":0,"33":9,"34":0,"35":0,"36":0,"37":0,"38":0,"39":0,"40":0,"41":0,"42":9,"43":0,"44":0,"45":0,"46":0,"47":0,"48":9,"49":0,"50":0,"51":0,"52":0,"53":0,"54":9,"55":0,"56":9,"57":0,"58":0,"59":9,"60":0,"61":0,"62":0,"63":9,"64":0,"65":0,"66":0,"67":0},"f":{"0":0,"1":0,"2":0,"3":0,"4":0,"5":0,"6":0,"7":0,"8":0,"9":0,"10":0},"b":{"0":[0,0],"1":[0,0,0],"2":[0,0],"3":[0,0,0],"4":[0,0],"5":[0,0,0],"6":[0,0],"7":[0,0],"8":[0,0],"9":[0,0],"10":[0,0]},"_coverageSchema":"1a1c01bbd47fc00a2c39e90264f33305004495a9","hash":"c5c2082f35871283b2ac067fc2d86b50df920052"}
,"C:\\Users\\User\\Documents\\IIT\\Year 3\\SDGP\\Y3-18\\TutorMeister\\Controller\\querymanager\\createCourseQuery.js": {"path":"C:\\Users\\User\\Documents\\IIT\\Year 3\\SDGP\\Y3-18\\TutorMeister\\Controller\\querymanager\\createCourseQuery.js","statementMap":{"0":{"start":{"line":2,"column":2},"end":{"line":2,"column":170}},"1":{"start":{"line":4,"column":0},"end":{"line":6,"column":2}}},"fnMap":{},"branchMap":{},"s":{"0":4,"1":4},"f":{},"b":{},"_coverageSchema":"1a1c01bbd47fc00a2c39e90264f33305004495a9","hash":"848eb8cbdde3ca0648e13d6abe4f573694967d2e"}
,"C:\\Users\\User\\Documents\\IIT\\Year 3\\SDGP\\Y3-18\\TutorMeister\\Controller\\querymanager\\insHomeQuery.js": {"path":"C:\\Users\\User\\Documents\\IIT\\Year 3\\SDGP\\Y3-18\\TutorMeister\\Controller\\querymanager\\insHomeQuery.js","statementMap":{"0":{"start":{"line":2,"column":2},"end":{"line":2,"column":84}},"1":{"start":{"line":3,"column":25},"end":{"line":3,"column":75}},"2":{"start":{"line":5,"column":0},"end":{"line":8,"column":2}}},"fnMap":{},"branchMap":{},"s":{"0":4,"1":4,"2":4},"f":{},"b":{},"_coverageSchema":"1a1c01bbd47fc00a2c39e90264f33305004495a9","hash":"606fdc2deaf79d65a1d52501abc0159d941710df"}
,"C:\\Users\\User\\Documents\\IIT\\Year 3\\SDGP\\Y3-18\\TutorMeister\\Controller\\querymanager\\loginQuery.js": {"path":"C:\\Users\\User\\Documents\\IIT\\Year 3\\SDGP\\Y3-18\\TutorMeister\\Controller\\querymanager\\loginQuery.js","statementMap":{"0":{"start":{"line":2,"column":2},"end":{"line":2,"column":115}},"1":{"start":{"line":4,"column":2},"end":{"line":4,"column":118}},"2":{"start":{"line":6,"column":0},"end":{"line":9,"column":2}}},"fnMap":{},"branchMap":{},"s":{"0":5,"1":5,"2":5},"f":{},"b":{},"_coverageSchema":"1a1c01bbd47fc00a2c39e90264f33305004495a9","hash":"e944511a6835f877d7af24dcb8dfa034335bb200"}
,"C:\\Users\\User\\Documents\\IIT\\Year 3\\SDGP\\Y3-18\\TutorMeister\\Controller\\querymanager\\signUpQuery.js": {"path":"C:\\Users\\User\\Documents\\IIT\\Year 3\\SDGP\\Y3-18\\TutorMeister\\Controller\\querymanager\\signUpQuery.js","statementMap":{"0":{"start":{"line":2,"column":2},"end":{"line":2,"column":56}},"1":{"start":{"line":4,"column":2},"end":{"line":4,"column":109}},"2":{"start":{"line":6,"column":2},"end":{"line":6,"column":58}},"3":{"start":{"line":8,"column":2},"end":{"line":8,"column":184}},"4":{"start":{"line":10,"column":0},"end":{"line":15,"column":2}}},"fnMap":{},"branchMap":{},"s":{"0":4,"1":4,"2":4,"3":4,"4":4},"f":{},"b":{},"_coverageSchema":"1a1c01bbd47fc00a2c39e90264f33305004495a9","hash":"a348ad5a843d49df3040ac7a9007e7c815197706"}
,"C:\\Users\\User\\Documents\\IIT\\Year 3\\SDGP\\Y3-18\\TutorMeister\\Controller\\routes\\create_course_router.js": {"path":"C:\\Users\\User\\Documents\\IIT\\Year 3\\SDGP\\Y3-18\\TutorMeister\\Controller\\routes\\create_course_router.js","statementMap":{"0":{"start":{"line":1,"column":14},"end":{"line":1,"column":32}},"1":{"start":{"line":2,"column":13},"end":{"line":2,"column":29}},"2":{"start":{"line":4,"column":33},"end":{"line":4,"column":79}},"3":{"start":{"line":6,"column":0},"end":{"line":6,"column":68}},"4":{"start":{"line":7,"column":0},"end":{"line":7,"column":73}},"5":{"start":{"line":9,"column":0},"end":{"line":9,"column":24}}},"fnMap":{},"branchMap":{},"s":{"0":4,"1":4,"2":4,"3":4,"4":4,"5":4},"f":{},"b":{},"_coverageSchema":"1a1c01bbd47fc00a2c39e90264f33305004495a9","hash":"110fd4104755d44e2a6359c8c14c362de88418bf"}
,"C:\\Users\\User\\Documents\\IIT\\Year 3\\SDGP\\Y3-18\\TutorMeister\\Controller\\routes\\ins_home_router.js": {"path":"C:\\Users\\User\\Documents\\IIT\\Year 3\\SDGP\\Y3-18\\TutorMeister\\Controller\\routes\\ins_home_router.js","statementMap":{"0":{"start":{"line":1,"column":14},"end":{"line":1,"column":32}},"1":{"start":{"line":2,"column":13},"end":{"line":2,"column":29}},"2":{"start":{"line":4,"column":28},"end":{"line":4,"column":69}},"3":{"start":{"line":6,"column":0},"end":{"line":6,"column":60}},"4":{"start":{"line":7,"column":0},"end":{"line":7,"column":65}},"5":{"start":{"line":9,"column":0},"end":{"line":9,"column":24}}},"fnMap":{},"branchMap":{},"s":{"0":4,"1":4,"2":4,"3":4,"4":4,"5":4},"f":{},"b":{},"_coverageSchema":"1a1c01bbd47fc00a2c39e90264f33305004495a9","hash":"da3b57f4785edce0d66449b6b9443a97a62d00ee"}
,"C:\\Users\\User\\Documents\\IIT\\Year 3\\SDGP\\Y3-18\\TutorMeister\\Controller\\routes\\ins_view_course_router.js": {"path":"C:\\Users\\User\\Documents\\IIT\\Year 3\\SDGP\\Y3-18\\TutorMeister\\Controller\\routes\\ins_view_course_router.js","statementMap":{"0":{"start":{"line":1,"column":14},"end":{"line":1,"column":32}},"1":{"start":{"line":2,"column":13},"end":{"line":2,"column":29}},"2":{"start":{"line":4,"column":35},"end":{"line":4,"column":83}},"3":{"start":{"line":6,"column":0},"end":{"line":6,"column":68}},"4":{"start":{"line":8,"column":0},"end":{"line":8,"column":24}}},"fnMap":{},"branchMap":{},"s":{"0":4,"1":4,"2":4,"3":4,"4":4},"f":{},"b":{},"_coverageSchema":"1a1c01bbd47fc00a2c39e90264f33305004495a9","hash":"e3839bf899c9eb701cc426f1821f4fcb613919a9"}
,"C:\\Users\\User\\Documents\\IIT\\Year 3\\SDGP\\Y3-18\\TutorMeister\\Controller\\routes\\login_router.js": {"path":"C:\\Users\\User\\Documents\\IIT\\Year 3\\SDGP\\Y3-18\\TutorMeister\\Controller\\routes\\login_router.js","statementMap":{"0":{"start":{"line":1,"column":14},"end":{"line":1,"column":32}},"1":{"start":{"line":2,"column":13},"end":{"line":2,"column":29}},"2":{"start":{"line":4,"column":25},"end":{"line":4,"column":63}},"3":{"start":{"line":6,"column":0},"end":{"line":6,"column":40}},"4":{"start":{"line":7,"column":0},"end":{"line":7,"column":45}},"5":{"start":{"line":8,"column":0},"end":{"line":8,"column":47}},"6":{"start":{"line":9,"column":0},"end":{"line":9,"column":45}},"7":{"start":{"line":10,"column":0},"end":{"line":10,"column":50}},"8":{"start":{"line":11,"column":0},"end":{"line":11,"column":47}},"9":{"start":{"line":13,"column":0},"end":{"line":13,"column":24}}},"fnMap":{},"branchMap":{},"s":{"0":4,"1":4,"2":4,"3":4,"4":4,"5":4,"6":4,"7":4,"8":4,"9":4},"f":{},"b":{},"_coverageSchema":"1a1c01bbd47fc00a2c39e90264f33305004495a9","hash":"8178423990e7bf45f31475d90e9a4d0ddf20713f"}
,"C:\\Users\\User\\Documents\\IIT\\Year 3\\SDGP\\Y3-18\\TutorMeister\\Controller\\routes\\signup_router.js": {"path":"C:\\Users\\User\\Documents\\IIT\\Year 3\\SDGP\\Y3-18\\TutorMeister\\Controller\\routes\\signup_router.js","statementMap":{"0":{"start":{"line":2,"column":14},"end":{"line":2,"column":32}},"1":{"start":{"line":3,"column":13},"end":{"line":3,"column":29}},"2":{"start":{"line":5,"column":26},"end":{"line":5,"column":65}},"3":{"start":{"line":7,"column":0},"end":{"line":7,"column":64}},"4":{"start":{"line":8,"column":0},"end":{"line":8,"column":69}},"5":{"start":{"line":10,"column":0},"end":{"line":10,"column":61}},"6":{"start":{"line":11,"column":0},"end":{"line":11,"column":66}},"7":{"start":{"line":13,"column":0},"end":{"line":13,"column":24}}},"fnMap":{},"branchMap":{},"s":{"0":4,"1":4,"2":4,"3":4,"4":4,"5":4,"6":4,"7":4},"f":{},"b":{},"_coverageSchema":"1a1c01bbd47fc00a2c39e90264f33305004495a9","hash":"07821cb4c4d55c16b8972eed9f54292a5d42ce58"}
}
