TN:
SF:app.js
FN:30,(anonymous_0)
FN:32,(anonymous_1)
FN:36,(anonymous_2)
FN:52,(anonymous_3)
FNF:4
FNH:2
FNDA:2,(anonymous_0)
FNDA:0,(anonymous_1)
FNDA:2,(anonymous_2)
FNDA:0,(anonymous_3)
DA:1,4
DA:2,4
DA:3,4
DA:4,4
DA:5,4
DA:7,4
DA:8,4
DA:9,4
DA:10,4
DA:11,4
DA:13,4
DA:14,4
DA:16,4
DA:17,4
DA:18,4
DA:19,4
DA:21,4
DA:30,4
DA:32,2
DA:33,2
DA:36,4
DA:37,2
DA:38,2
DA:39,2
DA:40,2
DA:42,2
DA:44,2
DA:52,0
DA:53,0
DA:54,0
DA:57,0
DA:58,0
DA:59,0
DA:60,0
DA:62,0
DA:67,2
DA:71,4
DA:72,4
DA:74,4
DA:76,4
DA:77,4
DA:79,4
DA:81,4
DA:82,4
DA:84,4
DA:85,4
DA:87,4
DA:88,4
DA:90,4
DA:91,4
DA:93,4
DA:95,4
LF:52
LH:44
BRDA:32,0,0,0
BRDA:32,0,1,0
BRDA:42,1,0,2
BRDA:42,1,1,2
BRDA:44,2,0,0
BRDA:44,2,1,2
BRDA:45,3,0,2
BRDA:45,3,1,2
BRDA:45,3,2,2
BRDA:45,3,3,1
BRDA:45,3,4,2
BRDA:53,4,0,0
BRDA:53,4,1,0
BRDA:57,5,0,0
BRDA:57,5,1,0
BRDA:59,6,0,0
BRDA:59,6,1,0
BRF:17
BRH:8
end_of_record
TN:
SF:backend\create_course_controller.js
FN:8,(anonymous_0)
FN:18,(anonymous_1)
FN:67,(anonymous_2)
FNF:3
FNH:3
FNDA:1,(anonymous_0)
FNDA:1,(anonymous_1)
FNDA:1,(anonymous_2)
DA:1,4
DA:2,4
DA:3,4
DA:4,4
DA:5,4
DA:6,4
DA:8,4
DA:9,1
DA:10,0
DA:12,1
DA:13,1
DA:14,1
DA:18,4
DA:19,1
DA:20,0
DA:22,1
DA:23,1
DA:24,1
DA:26,1
DA:27,1
DA:28,1
DA:29,1
DA:30,1
DA:31,1
DA:32,1
DA:33,1
DA:34,1
DA:35,1
DA:36,1
DA:37,1
DA:38,1
DA:39,1
DA:40,1
DA:42,1
DA:43,1
DA:44,0
DA:45,0
DA:51,1
DA:52,1
DA:53,1
DA:68,1
DA:69,0
DA:71,1
DA:72,1
DA:73,1
DA:74,1
LF:46
LH:41
BRDA:9,0,0,0
BRDA:9,0,1,1
BRDA:19,1,0,0
BRDA:19,1,1,1
BRDA:43,2,0,0
BRDA:43,2,1,1
BRDA:68,3,0,0
BRDA:68,3,1,1
BRF:8
BRH:4
end_of_record
TN:
SF:backend\ins_home_controller.js
FN:5,(anonymous_0)
FN:18,(anonymous_1)
FN:46,(anonymous_2)
FN:59,(anonymous_3)
FNF:4
FNH:4
FNDA:1,(anonymous_0)
FNDA:1,(anonymous_1)
FNDA:1,(anonymous_2)
FNDA:1,(anonymous_3)
DA:1,4
DA:2,4
DA:3,4
DA:5,4
DA:6,1
DA:7,0
DA:9,1
DA:10,1
DA:11,1
DA:12,1
DA:13,1
DA:14,1
DA:15,1
DA:19,1
DA:20,0
DA:21,0
DA:22,0
DA:24,1
DA:25,1
DA:26,2
DA:32,2
DA:34,1
DA:35,1
DA:37,0
DA:38,0
DA:46,4
DA:47,1
DA:48,0
DA:50,1
DA:51,1
DA:54,1
DA:55,1
DA:56,1
DA:60,1
DA:61,0
DA:62,0
DA:63,0
DA:66,1
DA:67,1
DA:69,0
DA:72,1
LF:41
LH:30
BRDA:6,0,0,0
BRDA:6,0,1,1
BRDA:6,1,0,1
BRDA:6,1,1,1
BRDA:19,2,0,0
BRDA:19,2,1,1
BRDA:24,3,0,1
BRDA:24,3,1,0
BRDA:47,4,0,0
BRDA:47,4,1,1
BRDA:47,5,0,1
BRDA:47,5,1,1
BRDA:60,6,0,0
BRDA:60,6,1,1
BRDA:66,7,0,1
BRDA:66,7,1,0
BRF:16
BRH:10
end_of_record
TN:
SF:backend\ins_view_course_controller.js
FN:5,(anonymous_0)
FN:18,(anonymous_1)
FN:58,extractVideoId
FNF:3
FNH:2
FNDA:1,(anonymous_0)
FNDA:1,(anonymous_1)
FNDA:0,extractVideoId
DA:1,4
DA:2,4
DA:3,4
DA:5,4
DA:6,1
DA:7,0
DA:9,1
DA:10,1
DA:11,1
DA:12,1
DA:13,1
DA:14,1
DA:15,1
DA:19,1
DA:20,0
DA:21,0
DA:22,0
DA:24,1
DA:25,1
DA:26,1
DA:39,1
DA:40,0
DA:41,0
DA:43,1
DA:45,1
DA:46,1
DA:48,0
DA:49,0
DA:60,0
DA:61,0
DA:62,0
LF:31
LH:20
BRDA:6,0,0,0
BRDA:6,0,1,1
BRDA:6,1,0,1
BRDA:6,1,1,1
BRDA:19,2,0,0
BRDA:19,2,1,1
BRDA:24,3,0,1
BRDA:24,3,1,0
BRDA:39,4,0,0
BRDA:39,4,1,1
BRDA:39,5,0,1
BRDA:39,5,1,0
BRDA:62,6,0,0
BRDA:62,6,1,0
BRF:14
BRH:7
end_of_record
TN:
SF:backend\login_controller.js
FN:5,(anonymous_0)
FN:9,(anonymous_1)
FN:14,(anonymous_2)
FN:34,(anonymous_3)
FN:61,(anonymous_4)
FN:95,(anonymous_5)
FNF:6
FNH:4
FNDA:1,(anonymous_0)
FNDA:1,(anonymous_1)
FNDA:1,(anonymous_2)
FNDA:0,(anonymous_3)
FNDA:0,(anonymous_4)
FNDA:1,(anonymous_5)
DA:1,5
DA:2,5
DA:3,5
DA:5,5
DA:6,1
DA:9,5
DA:11,1
DA:14,5
DA:16,1
DA:17,1
DA:18,1
DA:20,1
DA:21,0
DA:23,0
DA:24,0
DA:25,0
DA:28,0
DA:31,0
DA:35,0
DA:36,0
DA:38,0
DA:39,0
DA:40,0
DA:41,0
DA:42,0
DA:43,0
DA:45,0
DA:46,0
DA:47,0
DA:48,0
DA:50,0
DA:51,0
DA:52,0
DA:53,0
DA:58,0
DA:62,0
DA:63,0
DA:65,0
DA:66,0
DA:67,0
DA:68,0
DA:70,0
DA:71,0
DA:72,0
DA:73,0
DA:75,0
DA:76,0
DA:77,0
DA:81,0
DA:84,0
DA:91,1
DA:95,5
DA:96,1
LF:53
LH:15
BRDA:20,0,0,0
BRDA:20,0,1,1
BRDA:20,1,0,1
BRDA:20,1,1,0
BRDA:23,2,0,0
BRDA:23,2,1,0
BRDA:35,3,0,0
BRDA:35,3,1,0
BRDA:38,4,0,0
BRDA:38,4,1,0
BRDA:45,5,0,0
BRDA:45,5,1,0
BRDA:62,6,0,0
BRDA:62,6,1,0
BRDA:65,7,0,0
BRDA:65,7,1,0
BRDA:70,8,0,0
BRDA:70,8,1,0
BRF:18
BRH:2
end_of_record
TN:
SF:backend\signup_controller.js
FN:8,(anonymous_0)
FN:14,(anonymous_1)
FN:45,(anonymous_2)
FN:58,(anonymous_3)
FN:74,(anonymous_4)
FN:80,(anonymous_5)
FN:117,(anonymous_6)
FN:143,(anonymous_7)
FNF:8
FNH:6
FNDA:0,(anonymous_0)
FNDA:1,(anonymous_1)
FNDA:1,(anonymous_2)
FNDA:1,(anonymous_3)
FNDA:0,(anonymous_4)
FNDA:1,(anonymous_5)
FNDA:1,(anonymous_6)
FNDA:1,(anonymous_7)
DA:1,4
DA:2,4
DA:3,4
DA:4,4
DA:5,4
DA:6,4
DA:8,4
DA:9,0
DA:10,0
DA:11,0
DA:14,4
DA:15,1
DA:16,1
DA:17,1
DA:19,1
DA:20,1
DA:21,1
DA:22,1
DA:23,1
DA:24,1
DA:25,1
DA:26,1
DA:27,1
DA:28,1
DA:29,1
DA:30,1
DA:32,1
DA:33,1
DA:35,1
DA:36,0
DA:37,0
DA:39,1
DA:40,1
DA:41,1
DA:42,1
DA:46,1
DA:47,0
DA:48,0
DA:49,0
DA:51,1
DA:52,0
DA:53,0
DA:55,1
DA:59,1
DA:60,0
DA:62,1
DA:63,1
DA:67,1
DA:74,4
DA:75,0
DA:76,0
DA:77,0
DA:80,4
DA:81,1
DA:82,1
DA:83,1
DA:85,1
DA:86,1
DA:87,1
DA:88,1
DA:89,1
DA:90,1
DA:91,1
DA:92,1
DA:93,1
DA:94,1
DA:95,1
DA:96,1
DA:97,1
DA:98,1
DA:99,1
DA:100,1
DA:101,1
DA:102,1
DA:104,1
DA:105,1
DA:107,1
DA:108,0
DA:109,0
DA:111,1
DA:112,1
DA:113,1
DA:114,1
DA:118,1
DA:119,0
DA:120,0
DA:121,0
DA:123,1
DA:124,0
DA:125,0
DA:127,1
DA:144,1
DA:145,0
DA:147,1
DA:148,1
DA:149,1
LF:96
LH:74
BRDA:35,0,0,0
BRDA:35,0,1,1
BRDA:46,1,0,0
BRDA:46,1,1,1
BRDA:51,2,0,0
BRDA:51,2,1,1
BRDA:59,3,0,0
BRDA:59,3,1,1
BRDA:107,4,0,0
BRDA:107,4,1,1
BRDA:118,5,0,0
BRDA:118,5,1,1
BRDA:123,6,0,0
BRDA:123,6,1,1
BRDA:144,7,0,0
BRDA:144,7,1,1
BRF:16
BRH:8
end_of_record
TN:
SF:common\config.js
FN:5,(anonymous_0)
FN:9,(anonymous_1)
FNF:2
FNH:0
FNDA:0,(anonymous_0)
FNDA:0,(anonymous_1)
DA:1,9
DA:2,9
DA:3,9
DA:5,9
DA:6,0
DA:9,9
DA:10,0
LF:7
LH:5
BRF:0
BRH:0
end_of_record
TN:
SF:common\database.js
FN:5,(anonymous_0)
FNF:1
FNH:0
FNDA:0,(anonymous_0)
DA:1,5
DA:2,5
DA:3,5
DA:5,5
DA:6,0
DA:7,0
DA:8,0
DA:9,0
DA:12,0
DA:18,0
DA:19,0
DA:23,0
LF:12
LH:4
BRDA:12,0,0,0
BRDA:12,0,1,0
BRDA:13,1,0,0
BRDA:13,1,1,0
BRDA:13,1,2,0
BRDA:13,1,3,0
BRDA:13,1,4,0
BRDA:13,1,5,0
BRDA:13,1,6,0
BRDA:13,1,7,0
BRDA:13,1,8,0
BRDA:13,1,9,0
BRDA:13,1,10,0
BRDA:13,1,11,0
BRF:14
BRH:0
end_of_record
TN:
SF:common\utils.js
FN:5,(anonymous_0)
FN:10,(anonymous_1)
FN:17,(anonymous_2)
FN:46,(anonymous_3)
FN:64,(anonymous_4)
FN:75,(anonymous_5)
FN:83,(anonymous_6)
FN:92,(anonymous_7)
FN:96,(anonymous_8)
FN:102,(anonymous_9)
FN:110,(anonymous_10)
FNF:11
FNH:0
FNDA:0,(anonymous_0)
FNDA:0,(anonymous_1)
FNDA:0,(anonymous_2)
FNDA:0,(anonymous_3)
FNDA:0,(anonymous_4)
FNDA:0,(anonymous_5)
FNDA:0,(anonymous_6)
FNDA:0,(anonymous_7)
FNDA:0,(anonymous_8)
FNDA:0,(anonymous_9)
FNDA:0,(anonymous_10)
DA:1,9
DA:2,9
DA:3,9
DA:5,9
DA:6,0
DA:7,0
DA:8,0
DA:10,9
DA:11,0
DA:15,0
DA:17,9
DA:18,0
DA:19,0
DA:20,0
DA:21,0
DA:27,0
DA:29,0
DA:30,0
DA:31,0
DA:36,0
DA:38,0
DA:42,0
DA:46,9
DA:47,0
DA:48,0
DA:49,0
DA:51,0
DA:53,0
DA:55,0
DA:56,0
DA:57,0
DA:60,0
DA:64,9
DA:65,0
DA:66,0
DA:67,0
DA:68,0
DA:69,0
DA:70,0
DA:72,0
DA:75,9
DA:76,0
DA:77,0
DA:78,0
DA:79,0
DA:83,9
DA:84,0
DA:85,0
DA:86,0
DA:87,0
DA:92,9
DA:93,0
DA:96,9
DA:98,0
DA:99,0
DA:102,9
DA:103,0
DA:104,0
DA:106,0
DA:110,9
DA:111,0
DA:113,0
DA:115,0
DA:117,0
LF:64
LH:14
BRDA:21,0,0,0
BRDA:21,0,1,0
BRDA:22,1,0,0
BRDA:22,1,1,0
BRDA:22,1,2,0
BRDA:31,2,0,0
BRDA:31,2,1,0
BRDA:32,3,0,0
BRDA:32,3,1,0
BRDA:32,3,2,0
BRDA:49,4,0,0
BRDA:49,4,1,0
BRDA:49,5,0,0
BRDA:49,5,1,0
BRDA:49,5,2,0
BRDA:56,6,0,0
BRDA:56,6,1,0
BRDA:78,7,0,0
BRDA:78,7,1,0
BRDA:86,8,0,0
BRDA:86,8,1,0
BRDA:103,9,0,0
BRDA:103,9,1,0
BRDA:103,10,0,0
BRDA:103,10,1,0
BRF:25
BRH:0
end_of_record
TN:
SF:querymanager\createCourseQuery.js
FNF:0
FNH:0
DA:2,4
DA:4,4
LF:2
LH:2
BRF:0
BRH:0
end_of_record
TN:
SF:querymanager\insHomeQuery.js
FNF:0
FNH:0
DA:2,4
DA:3,4
DA:5,4
LF:3
LH:3
BRF:0
BRH:0
end_of_record
TN:
SF:querymanager\loginQuery.js
FNF:0
FNH:0
DA:2,5
DA:4,5
DA:6,5
LF:3
LH:3
BRF:0
BRH:0
end_of_record
TN:
SF:querymanager\signUpQuery.js
FNF:0
FNH:0
DA:2,4
DA:4,4
DA:6,4
DA:8,4
DA:10,4
LF:5
LH:5
BRF:0
BRH:0
end_of_record
TN:
SF:routes\create_course_router.js
FNF:0
FNH:0
DA:1,4
DA:2,4
DA:4,4
DA:6,4
DA:7,4
DA:9,4
LF:6
LH:6
BRF:0
BRH:0
end_of_record
TN:
SF:routes\ins_home_router.js
FNF:0
FNH:0
DA:1,4
DA:2,4
DA:4,4
DA:6,4
DA:7,4
DA:9,4
LF:6
LH:6
BRF:0
BRH:0
end_of_record
TN:
SF:routes\ins_view_course_router.js
FNF:0
FNH:0
DA:1,4
DA:2,4
DA:4,4
DA:6,4
DA:8,4
LF:5
LH:5
BRF:0
BRH:0
end_of_record
TN:
SF:routes\login_router.js
FNF:0
FNH:0
DA:1,4
DA:2,4
DA:4,4
DA:6,4
DA:7,4
DA:8,4
DA:9,4
DA:10,4
DA:11,4
DA:13,4
LF:10
LH:10
BRF:0
BRH:0
end_of_record
TN:
SF:routes\signup_router.js
FNF:0
FNH:0
DA:2,4
DA:3,4
DA:5,4
DA:7,4
DA:8,4
DA:10,4
DA:11,4
DA:13,4
LF:8
LH:8
BRF:0
BRH:0
end_of_record
